[2mOct 30 07:31:36.714[0m [32m INFO[0m prover::cli_utils: creating prover, worker name: a100_zkdex_01
[2mOct 30 07:31:36.714[0m [32m INFO[0m prover::cli_utils: prover type: Some(Batch), threads num: 2, cache pkey:true
read params K=23 from "./data/K23.params"
[2mOct 30 07:32:22.179[0m [32m INFO[0m prover: Running worker cycle
[2mOct 30 07:32:22.179[0m [32m INFO[0m prover: Running worker cycle
[2mOct 30 08:15:38.762[0m [31mERROR[0m prover::client: get job invalid response: Ok("an invalid response was received from the upstream server\n") file="core/lib/prover/src/client.rs" line=122 column=17
[2mOct 30 08:15:38.762[0m [33m WARN[0m prover::client: Failed to reach server err: <failed parse json on get job request: expected value at line 1 column 1>, retrying after: 0.5s file="core/lib/prover/src/client.rs" line=59 column=13
[2mOct 30 08:15:39.270[0m [31mERROR[0m prover::client: get job invalid response: Ok("an invalid response was received from the upstream server\n") file="core/lib/prover/src/client.rs" line=122 column=17
[2mOct 30 08:15:39.270[0m [33m WARN[0m prover::client: Failed to reach server err: <failed parse json on get job request: expected value at line 1 column 1>, retrying after: 0.6s file="core/lib/prover/src/client.rs" line=59 column=13
[2mOct 30 08:15:39.368[0m [31mERROR[0m prover::client: get job invalid response: Ok("an invalid response was received from the upstream server\n") file="core/lib/prover/src/client.rs" line=122 column=17
[2mOct 30 08:15:39.368[0m [33m WARN[0m prover::client: Failed to reach server err: <failed parse json on get job request: expected value at line 1 column 1>, retrying after: 1.4s file="core/lib/prover/src/client.rs" line=59 column=13
[2mOct 30 08:15:39.950[0m [31mERROR[0m prover::client: get job invalid response: Ok("an invalid response was received from the upstream server\n") file="core/lib/prover/src/client.rs" line=122 column=17
[2mOct 30 08:15:39.950[0m [33m WARN[0m prover::client: Failed to reach server err: <failed parse json on get job request: expected value at line 1 column 1>, retrying after: 0.8s file="core/lib/prover/src/client.rs" line=59 column=13
[2mOct 30 08:15:40.850[0m [31mERROR[0m prover::client: get job invalid response: Ok("an invalid response was received from the upstream server\n") file="core/lib/prover/src/client.rs" line=122 column=17
[2mOct 30 08:15:40.850[0m [33m WARN[0m prover::client: Failed to reach server err: <failed parse json on get job request: expected value at line 1 column 1>, retrying after: 3.0s file="core/lib/prover/src/client.rs" line=59 column=13
[2mOct 30 08:15:40.870[0m [31mERROR[0m prover::client: get job invalid response: Ok("an invalid response was received from the upstream server\n") file="core/lib/prover/src/client.rs" line=122 column=17
[2mOct 30 08:15:40.870[0m [33m WARN[0m prover::client: Failed to reach server err: <failed parse json on get job request: expected value at line 1 column 1>, retrying after: 2.2s file="core/lib/prover/src/client.rs" line=59 column=13
[2mOct 30 08:15:43.116[0m [31mERROR[0m prover::client: get job invalid response: Ok("an invalid response was received from the upstream server\n") file="core/lib/prover/src/client.rs" line=122 column=17
[2mOct 30 08:15:43.116[0m [33m WARN[0m prover::client: Failed to reach server err: <failed parse json on get job request: expected value at line 1 column 1>, retrying after: 2.0s file="core/lib/prover/src/client.rs" line=59 column=13
[2mOct 30 08:15:44.061[0m [31mERROR[0m prover::client: get job invalid response: Ok("an invalid response was received from the upstream server\n") file="core/lib/prover/src/client.rs" line=122 column=17
[2mOct 30 08:15:44.061[0m [33m WARN[0m prover::client: Failed to reach server err: <failed parse json on get job request: expected value at line 1 column 1>, retrying after: 0.9s file="core/lib/prover/src/client.rs" line=59 column=13
[2mOct 30 08:15:45.015[0m [31mERROR[0m prover::client: get job invalid response: Ok("an invalid response was received from the upstream server\n") file="core/lib/prover/src/client.rs" line=122 column=17
[2mOct 30 08:15:45.016[0m [33m WARN[0m prover::client: Failed to reach server err: <failed parse json on get job request: expected value at line 1 column 1>, retrying after: 1.7s file="core/lib/prover/src/client.rs" line=59 column=13
[2mOct 30 08:15:45.217[0m [31mERROR[0m prover::client: get job invalid response: Ok("an invalid response was received from the upstream server\n") file="core/lib/prover/src/client.rs" line=122 column=17
[2mOct 30 08:15:45.217[0m [33m WARN[0m prover::client: Failed to reach server err: <failed parse json on get job request: expected value at line 1 column 1>, retrying after: 5.2s file="core/lib/prover/src/client.rs" line=59 column=13
[2mOct 30 08:15:46.810[0m [31mERROR[0m prover::client: get job invalid response: Ok("an invalid response was received from the upstream server\n") file="core/lib/prover/src/client.rs" line=122 column=17
[2mOct 30 08:15:46.810[0m [33m WARN[0m prover::client: Failed to reach server err: <failed parse json on get job request: expected value at line 1 column 1>, retrying after: 2.6s file="core/lib/prover/src/client.rs" line=59 column=13
[2mOct 30 08:15:49.520[0m [31mERROR[0m prover::client: get job invalid response: Ok("an invalid response was received from the upstream server\n") file="core/lib/prover/src/client.rs" line=122 column=17
[2mOct 30 08:15:49.520[0m [33m WARN[0m prover::client: Failed to reach server err: <failed parse json on get job request: expected value at line 1 column 1>, retrying after: 4.3s file="core/lib/prover/src/client.rs" line=59 column=13
[2mOct 30 08:15:50.480[0m [31mERROR[0m prover::client: get job invalid response: Ok("an invalid response was received from the upstream server\n") file="core/lib/prover/src/client.rs" line=122 column=17
[2mOct 30 08:15:50.480[0m [33m WARN[0m prover::client: Failed to reach server err: <failed parse json on get job request: expected value at line 1 column 1>, retrying after: 8.5s file="core/lib/prover/src/client.rs" line=59 column=13
[2mOct 30 08:15:53.923[0m [31mERROR[0m prover::client: get job invalid response: Ok("an invalid response was received from the upstream server\n") file="core/lib/prover/src/client.rs" line=122 column=17
[2mOct 30 08:15:53.923[0m [33m WARN[0m prover::client: Failed to reach server err: <failed parse json on get job request: expected value at line 1 column 1>, retrying after: 6.2s file="core/lib/prover/src/client.rs" line=59 column=13
[2mOct 30 08:15:59.088[0m [31mERROR[0m prover::client: get job invalid response: Ok("an invalid response was received from the upstream server\n") file="core/lib/prover/src/client.rs" line=122 column=17
[2mOct 30 08:15:59.088[0m [33m WARN[0m prover::client: Failed to reach server err: <failed parse json on get job request: expected value at line 1 column 1>, retrying after: 11.9s file="core/lib/prover/src/client.rs" line=59 column=13
[2mOct 30 08:16:00.201[0m [31mERROR[0m prover::client: get job invalid response: Ok("an invalid response was received from the upstream server\n") file="core/lib/prover/src/client.rs" line=122 column=17
[2mOct 30 08:16:00.201[0m [33m WARN[0m prover::client: Failed to reach server err: <failed parse json on get job request: expected value at line 1 column 1>, retrying after: 4.0s file="core/lib/prover/src/client.rs" line=59 column=13
[2mOct 30 08:16:04.267[0m [31mERROR[0m prover::client: get job invalid response: Ok("an invalid response was received from the upstream server\n") file="core/lib/prover/src/client.rs" line=122 column=17
[2mOct 30 08:16:04.267[0m [33m WARN[0m prover::client: Failed to reach server err: <failed parse json on get job request: expected value at line 1 column 1>, retrying after: 8.6s file="core/lib/prover/src/client.rs" line=59 column=13
[2mOct 30 08:16:11.027[0m [31mERROR[0m prover::client: get job invalid response: Ok("an invalid response was received from the upstream server\n") file="core/lib/prover/src/client.rs" line=122 column=17
[2mOct 30 08:16:11.027[0m [33m WARN[0m prover::client: Failed to reach server err: <failed parse json on get job request: expected value at line 1 column 1>, retrying after: 13.9s file="core/lib/prover/src/client.rs" line=59 column=13
[2mOct 30 08:16:12.941[0m [31mERROR[0m prover::client: get job invalid response: Ok("an invalid response was received from the upstream server\n") file="core/lib/prover/src/client.rs" line=122 column=17
[2mOct 30 08:16:12.941[0m [33m WARN[0m prover::client: Failed to reach server err: <failed parse json on get job request: expected value at line 1 column 1>, retrying after: 12.0s file="core/lib/prover/src/client.rs" line=59 column=13
[2mOct 30 08:16:25.018[0m [31mERROR[0m prover::client: get job invalid response: Ok("an invalid response was received from the upstream server\n") file="core/lib/prover/src/client.rs" line=122 column=17
[2mOct 30 08:16:25.018[0m [33m WARN[0m prover::client: Failed to reach server err: <failed parse json on get job request: expected value at line 1 column 1>, retrying after: 6.5s file="core/lib/prover/src/client.rs" line=59 column=13
[2mOct 30 08:16:25.195[0m [31mERROR[0m prover::client: get job invalid response: Ok("an invalid response was received from the upstream server\n") file="core/lib/prover/src/client.rs" line=122 column=17
[2mOct 30 08:16:25.195[0m [33m WARN[0m prover::client: Failed to reach server err: <failed parse json on get job request: expected value at line 1 column 1>, retrying after: 0.7s file="core/lib/prover/src/client.rs" line=59 column=13
[2mOct 30 08:16:26.075[0m [31mERROR[0m prover::client: get job invalid response: Ok("an invalid response was received from the upstream server\n") file="core/lib/prover/src/client.rs" line=122 column=17
[2mOct 30 08:16:26.075[0m [33m WARN[0m prover::client: Failed to reach server err: <failed parse json on get job request: expected value at line 1 column 1>, retrying after: 0.8s file="core/lib/prover/src/client.rs" line=59 column=13
[2mOct 30 08:16:27.004[0m [31mERROR[0m prover::client: get job invalid response: Ok("an invalid response was received from the upstream server\n") file="core/lib/prover/src/client.rs" line=122 column=17
[2mOct 30 08:16:27.004[0m [33m WARN[0m prover::client: Failed to reach server err: <failed parse json on get job request: expected value at line 1 column 1>, retrying after: 1.0s file="core/lib/prover/src/client.rs" line=59 column=13
[2mOct 30 08:16:30.514[0m [31mERROR[0m prover::client: get job invalid response: Ok("an invalid response was received from the upstream server\n") file="core/lib/prover/src/client.rs" line=122 column=17
[2mOct 30 08:16:30.514[0m [33m WARN[0m prover::client: Failed to reach server err: <failed parse json on get job request: expected value at line 1 column 1>, retrying after: 1.4s file="core/lib/prover/src/client.rs" line=59 column=13
[2mOct 30 08:16:31.597[0m [31mERROR[0m prover::client: get job invalid response: Ok("an invalid response was received from the upstream server\n") file="core/lib/prover/src/client.rs" line=122 column=17
[2mOct 30 08:16:31.597[0m [33m WARN[0m prover::client: Failed to reach server err: <failed parse json on get job request: expected value at line 1 column 1>, retrying after: 5.2s file="core/lib/prover/src/client.rs" line=59 column=13
[2mOct 30 08:16:32.330[0m [31mERROR[0m prover::client: get job invalid response: Ok("an invalid response was received from the upstream server\n") file="core/lib/prover/src/client.rs" line=122 column=17
[2mOct 30 08:16:32.330[0m [33m WARN[0m prover::client: Failed to reach server err: <failed parse json on get job request: expected value at line 1 column 1>, retrying after: 1.3s file="core/lib/prover/src/client.rs" line=59 column=13
[2mOct 30 08:16:34.674[0m [31mERROR[0m prover::client: get job invalid response: Ok("an invalid response was received from the upstream server\n") file="core/lib/prover/src/client.rs" line=122 column=17
[2mOct 30 08:16:34.675[0m [33m WARN[0m prover::client: Failed to reach server err: <failed parse json on get job request: expected value at line 1 column 1>, retrying after: 1.4s file="core/lib/prover/src/client.rs" line=59 column=13
[2mOct 30 08:16:37.325[0m [31mERROR[0m prover::client: get job invalid response: Ok("an invalid response was received from the upstream server\n") file="core/lib/prover/src/client.rs" line=122 column=17
[2mOct 30 08:16:37.325[0m [33m WARN[0m prover::client: Failed to reach server err: <failed parse json on get job request: expected value at line 1 column 1>, retrying after: 0.8s file="core/lib/prover/src/client.rs" line=59 column=13
[2mOct 30 08:16:38.446[0m [31mERROR[0m prover::client: get job invalid response: Ok("an invalid response was received from the upstream server\n") file="core/lib/prover/src/client.rs" line=122 column=17
[2mOct 30 08:16:38.446[0m [33m WARN[0m prover::client: Failed to reach server err: <failed parse json on get job request: expected value at line 1 column 1>, retrying after: 0.8s file="core/lib/prover/src/client.rs" line=59 column=13
[2mOct 30 08:16:41.829[0m [33m WARN[0m prover::client: Failed to reach server err: <failed to send get job request: error sending request for url (https://www.okx.com/api/v1/zkdex/layer2/testnet/scheduler/get_job): operation timed out>, retrying after: 14.0s file="core/lib/prover/src/client.rs" line=59 column=13
[2mOct 30 08:16:43.147[0m [31mERROR[0m prover::client: get job invalid response: Ok("an invalid response was received from the upstream server\n") file="core/lib/prover/src/client.rs" line=122 column=17
[2mOct 30 08:16:43.147[0m [33m WARN[0m prover::client: Failed to reach server err: <failed parse json on get job request: expected value at line 1 column 1>, retrying after: 0.6s file="core/lib/prover/src/client.rs" line=59 column=13
[2mOct 30 08:28:07.263[0m [31mERROR[0m prover::client: get job invalid response: Ok("an invalid response was received from the upstream server\n") file="core/lib/prover/src/client.rs" line=122 column=17
[2mOct 30 08:28:07.263[0m [33m WARN[0m prover::client: Failed to reach server err: <failed parse json on get job request: expected value at line 1 column 1>, retrying after: 1.4s file="core/lib/prover/src/client.rs" line=59 column=13
[2mOct 30 08:28:07.274[0m [31mERROR[0m prover::client: get job invalid response: Ok("an invalid response was received from the upstream server\n") file="core/lib/prover/src/client.rs" line=122 column=17
[2mOct 30 08:28:07.275[0m [33m WARN[0m prover::client: Failed to reach server err: <failed parse json on get job request: expected value at line 1 column 1>, retrying after: 0.7s file="core/lib/prover/src/client.rs" line=59 column=13
[2mOct 30 08:28:08.766[0m [31mERROR[0m prover::client: get job invalid response: Ok("an invalid response was received from the upstream server\n") file="core/lib/prover/src/client.rs" line=122 column=17
[2mOct 30 08:28:08.766[0m [33m WARN[0m prover::client: Failed to reach server err: <failed parse json on get job request: expected value at line 1 column 1>, retrying after: 1.3s file="core/lib/prover/src/client.rs" line=59 column=13
[2mOct 30 08:28:09.249[0m [31mERROR[0m prover::client: get job invalid response: Ok("an invalid response was received from the upstream server\n") file="core/lib/prover/src/client.rs" line=122 column=17
[2mOct 30 08:28:09.249[0m [33m WARN[0m prover::client: Failed to reach server err: <failed parse json on get job request: expected value at line 1 column 1>, retrying after: 0.7s file="core/lib/prover/src/client.rs" line=59 column=13
[2mOct 30 08:28:10.083[0m [31mERROR[0m prover::client: get job invalid response: Ok("an invalid response was received from the upstream server\n") file="core/lib/prover/src/client.rs" line=122 column=17
[2mOct 30 08:28:10.083[0m [33m WARN[0m prover::client: Failed to reach server err: <failed parse json on get job request: expected value at line 1 column 1>, retrying after: 1.4s file="core/lib/prover/src/client.rs" line=59 column=13
[2mOct 30 08:28:10.142[0m [31mERROR[0m prover::client: get job invalid response: Ok("an invalid response was received from the upstream server\n") file="core/lib/prover/src/client.rs" line=122 column=17
[2mOct 30 08:28:10.142[0m [33m WARN[0m prover::client: Failed to reach server err: <failed parse json on get job request: expected value at line 1 column 1>, retrying after: 2.9s file="core/lib/prover/src/client.rs" line=59 column=13
[2mOct 30 08:28:11.580[0m [31mERROR[0m prover::client: get job invalid response: Ok("an invalid response was received from the upstream server\n") file="core/lib/prover/src/client.rs" line=122 column=17
[2mOct 30 08:28:11.580[0m [33m WARN[0m prover::client: Failed to reach server err: <failed parse json on get job request: expected value at line 1 column 1>, retrying after: 2.1s file="core/lib/prover/src/client.rs" line=59 column=13
[2mOct 30 08:28:13.224[0m [31mERROR[0m prover::client: get job invalid response: Ok("an invalid response was received from the upstream server\n") file="core/lib/prover/src/client.rs" line=122 column=17
[2mOct 30 08:28:13.225[0m [33m WARN[0m prover::client: Failed to reach server err: <failed parse json on get job request: expected value at line 1 column 1>, retrying after: 3.0s file="core/lib/prover/src/client.rs" line=59 column=13
[2mOct 30 08:28:13.776[0m [31mERROR[0m prover::client: get job invalid response: Ok("an invalid response was received from the upstream server\n") file="core/lib/prover/src/client.rs" line=122 column=17
[2mOct 30 08:28:13.776[0m [33m WARN[0m prover::client: Failed to reach server err: <failed parse json on get job request: expected value at line 1 column 1>, retrying after: 1.3s file="core/lib/prover/src/client.rs" line=59 column=13
[2mOct 30 08:28:15.109[0m [31mERROR[0m prover::client: get job invalid response: Ok("an invalid response was received from the upstream server\n") file="core/lib/prover/src/client.rs" line=122 column=17
[2mOct 30 08:28:15.109[0m [33m WARN[0m prover::client: Failed to reach server err: <failed parse json on get job request: expected value at line 1 column 1>, retrying after: 4.4s file="core/lib/prover/src/client.rs" line=59 column=13
[2mOct 30 08:28:16.274[0m [31mERROR[0m prover::client: get job invalid response: Ok("an invalid response was received from the upstream server\n") file="core/lib/prover/src/client.rs" line=122 column=17
[2mOct 30 08:28:16.274[0m [33m WARN[0m prover::client: Failed to reach server err: <failed parse json on get job request: expected value at line 1 column 1>, retrying after: 6.6s file="core/lib/prover/src/client.rs" line=59 column=13
[2mOct 30 08:28:19.644[0m [31mERROR[0m prover::client: get job invalid response: Ok("an invalid response was received from the upstream server\n") file="core/lib/prover/src/client.rs" line=122 column=17
[2mOct 30 08:28:19.644[0m [33m WARN[0m prover::client: Failed to reach server err: <failed parse json on get job request: expected value at line 1 column 1>, retrying after: 3.5s file="core/lib/prover/src/client.rs" line=59 column=13
[2mOct 30 08:28:23.049[0m [31mERROR[0m prover::client: get job invalid response: Ok("an invalid response was received from the upstream server\n") file="core/lib/prover/src/client.rs" line=122 column=17
[2mOct 30 08:28:23.049[0m [33m WARN[0m prover::client: Failed to reach server err: <failed parse json on get job request: expected value at line 1 column 1>, retrying after: 0.8s file="core/lib/prover/src/client.rs" line=59 column=13
[2mOct 30 08:28:23.215[0m [31mERROR[0m prover::client: get job invalid response: Ok("an invalid response was received from the upstream server\n") file="core/lib/prover/src/client.rs" line=122 column=17
[2mOct 30 08:28:23.215[0m [33m WARN[0m prover::client: Failed to reach server err: <failed parse json on get job request: expected value at line 1 column 1>, retrying after: 5.6s file="core/lib/prover/src/client.rs" line=59 column=13
[2mOct 30 08:28:23.958[0m [31mERROR[0m prover::client: get job invalid response: Ok("an invalid response was received from the upstream server\n") file="core/lib/prover/src/client.rs" line=122 column=17
[2mOct 30 08:28:23.958[0m [33m WARN[0m prover::client: Failed to reach server err: <failed parse json on get job request: expected value at line 1 column 1>, retrying after: 1.7s file="core/lib/prover/src/client.rs" line=59 column=13
[2mOct 30 08:28:25.721[0m [31mERROR[0m prover::client: get job invalid response: Ok("an invalid response was received from the upstream server\n") file="core/lib/prover/src/client.rs" line=122 column=17
[2mOct 30 08:28:25.722[0m [33m WARN[0m prover::client: Failed to reach server err: <failed parse json on get job request: expected value at line 1 column 1>, retrying after: 3.0s file="core/lib/prover/src/client.rs" line=59 column=13
[2mOct 30 08:28:28.754[0m [31mERROR[0m prover::client: get job invalid response: Ok("an invalid response was received from the upstream server\n") file="core/lib/prover/src/client.rs" line=122 column=17
[2mOct 30 08:28:28.754[0m [33m WARN[0m prover::client: Failed to reach server err: <failed parse json on get job request: expected value at line 1 column 1>, retrying after: 3.8s file="core/lib/prover/src/client.rs" line=59 column=13
[2mOct 30 08:28:28.899[0m [31mERROR[0m prover::client: get job invalid response: Ok("an invalid response was received from the upstream server\n") file="core/lib/prover/src/client.rs" line=122 column=17
[2mOct 30 08:28:28.899[0m [33m WARN[0m prover::client: Failed to reach server err: <failed parse json on get job request: expected value at line 1 column 1>, retrying after: 12.8s file="core/lib/prover/src/client.rs" line=59 column=13
[2mOct 30 08:28:32.653[0m [31mERROR[0m prover::client: get job invalid response: Ok("an invalid response was received from the upstream server\n") file="core/lib/prover/src/client.rs" line=122 column=17
[2mOct 30 08:28:32.653[0m [33m WARN[0m prover::client: Failed to reach server err: <failed parse json on get job request: expected value at line 1 column 1>, retrying after: 3.4s file="core/lib/prover/src/client.rs" line=59 column=13
[2mOct 30 08:28:36.111[0m [31mERROR[0m prover::client: get job invalid response: Ok("an invalid response was received from the upstream server\n") file="core/lib/prover/src/client.rs" line=122 column=17
[2mOct 30 08:28:36.111[0m [33m WARN[0m prover::client: Failed to reach server err: <failed parse json on get job request: expected value at line 1 column 1>, retrying after: 7.4s file="core/lib/prover/src/client.rs" line=59 column=13
[2mOct 30 08:28:43.608[0m [31mERROR[0m prover::client: get job invalid response: Ok("an invalid response was received from the upstream server\n") file="core/lib/prover/src/client.rs" line=122 column=17
[2mOct 30 08:28:43.608[0m [33m WARN[0m prover::client: Failed to reach server err: <failed parse json on get job request: expected value at line 1 column 1>, retrying after: 13.8s file="core/lib/prover/src/client.rs" line=59 column=13
[2mOct 30 08:28:46.722[0m [33m WARN[0m prover::client: Failed to reach server err: <failed to send get job request: error sending request for url (https://www.okx.com/api/v1/zkdex/layer2/testnet/scheduler/get_job): operation timed out>, retrying after: 6.7s file="core/lib/prover/src/client.rs" line=59 column=13
[2mOct 30 08:28:53.491[0m [31mERROR[0m prover::client: get job invalid response: Ok("an invalid response was received from the upstream server\n") file="core/lib/prover/src/client.rs" line=122 column=17
[2mOct 30 08:28:53.491[0m [33m WARN[0m prover::client: Failed to reach server err: <failed parse json on get job request: expected value at line 1 column 1>, retrying after: 8.2s file="core/lib/prover/src/client.rs" line=59 column=13
[2mOct 30 08:28:57.466[0m [31mERROR[0m prover::client: get job invalid response: Ok("an invalid response was received from the upstream server\n") file="core/lib/prover/src/client.rs" line=122 column=17
[2mOct 30 08:28:57.466[0m [33m WARN[0m prover::client: Failed to reach server err: <failed parse json on get job request: expected value at line 1 column 1>, retrying after: 10.0s file="core/lib/prover/src/client.rs" line=59 column=13
[2mOct 30 08:29:02.117[0m [31mERROR[0m prover::client: get job invalid response: Ok("an invalid response was received from the upstream server\n") file="core/lib/prover/src/client.rs" line=122 column=17
[2mOct 30 08:29:02.117[0m [33m WARN[0m prover::client: Failed to reach server err: <failed parse json on get job request: expected value at line 1 column 1>, retrying after: 0.8s file="core/lib/prover/src/client.rs" line=59 column=13
[2mOct 30 08:29:07.570[0m [31mERROR[0m prover::client: get job invalid response: Ok("an invalid response was received from the upstream server\n") file="core/lib/prover/src/client.rs" line=122 column=17
[2mOct 30 08:29:07.570[0m [33m WARN[0m prover::client: Failed to reach server err: <failed parse json on get job request: expected value at line 1 column 1>, retrying after: 13.2s file="core/lib/prover/src/client.rs" line=59 column=13
[2mOct 30 08:29:07.884[0m [33m WARN[0m prover::client: Failed to reach server err: <failed to send get job request: error sending request for url (https://www.okx.com/api/v1/zkdex/layer2/testnet/scheduler/get_job): operation timed out>, retrying after: 1.8s file="core/lib/prover/src/client.rs" line=59 column=13
[2mOct 30 08:29:09.779[0m [31mERROR[0m prover::client: get job invalid response: Ok("an invalid response was received from the upstream server\n") file="core/lib/prover/src/client.rs" line=122 column=17
[2mOct 30 08:29:09.779[0m [33m WARN[0m prover::client: Failed to reach server err: <failed parse json on get job request: expected value at line 1 column 1>, retrying after: 1.8s file="core/lib/prover/src/client.rs" line=59 column=13
[2mOct 30 08:29:11.680[0m [31mERROR[0m prover::client: get job invalid response: Ok("an invalid response was received from the upstream server\n") file="core/lib/prover/src/client.rs" line=122 column=17
[2mOct 30 08:29:11.680[0m [33m WARN[0m prover::client: Failed to reach server err: <failed parse json on get job request: expected value at line 1 column 1>, retrying after: 1.7s file="core/lib/prover/src/client.rs" line=59 column=13
[2mOct 30 08:29:15.528[0m [31mERROR[0m prover::client: get job invalid response: Ok("an invalid response was received from the upstream server\n") file="core/lib/prover/src/client.rs" line=122 column=17
[2mOct 30 08:29:15.528[0m [33m WARN[0m prover::client: Failed to reach server err: <failed parse json on get job request: expected value at line 1 column 1>, retrying after: 6.4s file="core/lib/prover/src/client.rs" line=59 column=13
