[2mOct 30 07:31:36.713[0m [32m INFO[0m prover::cli_utils: creating prover, worker name: a100_zkdex_01
[2mOct 30 07:31:36.713[0m [32m INFO[0m prover::cli_utils: prover type: Some(Batch), threads num: 2, cache pkey:true
read params K=23 from "./data/K23.params"
[2mOct 30 07:32:10.755[0m [32m INFO[0m prover: Running worker cycle
[2mOct 30 07:32:10.756[0m [32m INFO[0m prover: Running worker cycle
[2mOct 30 08:15:37.835[0m [31mERROR[0m prover::client: get job invalid response: Ok("an invalid response was received from the upstream server\n") file="core/lib/prover/src/client.rs" line=122 column=17
[2mOct 30 08:15:37.835[0m [33m WARN[0m prover::client: Failed to reach server err: <failed parse json on get job request: expected value at line 1 column 1>, retrying after: 1.5s file="core/lib/prover/src/client.rs" line=59 column=13
[2mOct 30 08:15:38.331[0m [31mERROR[0m prover::client: get job invalid response: Ok("an invalid response was received from the upstream server\n") file="core/lib/prover/src/client.rs" line=122 column=17
[2mOct 30 08:15:38.331[0m [33m WARN[0m prover::client: Failed to reach server err: <failed parse json on get job request: expected value at line 1 column 1>, retrying after: 0.8s file="core/lib/prover/src/client.rs" line=59 column=13
[2mOct 30 08:15:39.204[0m [31mERROR[0m prover::client: get job invalid response: Ok("an invalid response was received from the upstream server\n") file="core/lib/prover/src/client.rs" line=122 column=17
[2mOct 30 08:15:39.204[0m [33m WARN[0m prover::client: Failed to reach server err: <failed parse json on get job request: expected value at line 1 column 1>, retrying after: 1.2s file="core/lib/prover/src/client.rs" line=59 column=13
[2mOct 30 08:15:39.495[0m [31mERROR[0m prover::client: get job invalid response: Ok("an invalid response was received from the upstream server\n") file="core/lib/prover/src/client.rs" line=122 column=17
[2mOct 30 08:15:39.495[0m [33m WARN[0m prover::client: Failed to reach server err: <failed parse json on get job request: expected value at line 1 column 1>, retrying after: 1.4s file="core/lib/prover/src/client.rs" line=59 column=13
[2mOct 30 08:15:40.451[0m [31mERROR[0m prover::client: get job invalid response: Ok("an invalid response was received from the upstream server\n") file="core/lib/prover/src/client.rs" line=122 column=17
[2mOct 30 08:15:40.451[0m [33m WARN[0m prover::client: Failed to reach server err: <failed parse json on get job request: expected value at line 1 column 1>, retrying after: 2.6s file="core/lib/prover/src/client.rs" line=59 column=13
[2mOct 30 08:15:40.978[0m [31mERROR[0m prover::client: get job invalid response: Ok("an invalid response was received from the upstream server\n") file="core/lib/prover/src/client.rs" line=122 column=17
[2mOct 30 08:15:40.978[0m [33m WARN[0m prover::client: Failed to reach server err: <failed parse json on get job request: expected value at line 1 column 1>, retrying after: 1.2s file="core/lib/prover/src/client.rs" line=59 column=13
[2mOct 30 08:15:42.300[0m [31mERROR[0m prover::client: get job invalid response: Ok("an invalid response was received from the upstream server\n") file="core/lib/prover/src/client.rs" line=122 column=17
[2mOct 30 08:15:42.300[0m [33m WARN[0m prover::client: Failed to reach server err: <failed parse json on get job request: expected value at line 1 column 1>, retrying after: 2.0s file="core/lib/prover/src/client.rs" line=59 column=13
[2mOct 30 08:15:43.137[0m [31mERROR[0m prover::client: get job invalid response: Ok("an invalid response was received from the upstream server\n") file="core/lib/prover/src/client.rs" line=122 column=17
[2mOct 30 08:15:43.138[0m [33m WARN[0m prover::client: Failed to reach server err: <failed parse json on get job request: expected value at line 1 column 1>, retrying after: 2.5s file="core/lib/prover/src/client.rs" line=59 column=13
[2mOct 30 08:15:44.364[0m [31mERROR[0m prover::client: get job invalid response: Ok("an invalid response was received from the upstream server\n") file="core/lib/prover/src/client.rs" line=122 column=17
[2mOct 30 08:15:44.364[0m [33m WARN[0m prover::client: Failed to reach server err: <failed parse json on get job request: expected value at line 1 column 1>, retrying after: 4.3s file="core/lib/prover/src/client.rs" line=59 column=13
[2mOct 30 08:15:45.676[0m [31mERROR[0m prover::client: get job invalid response: Ok("an invalid response was received from the upstream server\n") file="core/lib/prover/src/client.rs" line=122 column=17
[2mOct 30 08:15:45.676[0m [33m WARN[0m prover::client: Failed to reach server err: <failed parse json on get job request: expected value at line 1 column 1>, retrying after: 5.1s file="core/lib/prover/src/client.rs" line=59 column=13
[2mOct 30 08:15:48.863[0m [31mERROR[0m prover::client: get job invalid response: Ok("an invalid response was received from the upstream server\n") file="core/lib/prover/src/client.rs" line=122 column=17
[2mOct 30 08:15:48.863[0m [33m WARN[0m prover::client: Failed to reach server err: <failed parse json on get job request: expected value at line 1 column 1>, retrying after: 1.4s file="core/lib/prover/src/client.rs" line=59 column=13
[2mOct 30 08:15:50.329[0m [31mERROR[0m prover::client: get job invalid response: Ok("an invalid response was received from the upstream server\n") file="core/lib/prover/src/client.rs" line=122 column=17
[2mOct 30 08:15:50.330[0m [33m WARN[0m prover::client: Failed to reach server err: <failed parse json on get job request: expected value at line 1 column 1>, retrying after: 1.2s file="core/lib/prover/src/client.rs" line=59 column=13
[2mOct 30 08:15:50.845[0m [31mERROR[0m prover::client: get job invalid response: Ok("an invalid response was received from the upstream server\n") file="core/lib/prover/src/client.rs" line=122 column=17
[2mOct 30 08:15:50.845[0m [33m WARN[0m prover::client: Failed to reach server err: <failed parse json on get job request: expected value at line 1 column 1>, retrying after: 5.1s file="core/lib/prover/src/client.rs" line=59 column=13
[2mOct 30 08:15:51.627[0m [31mERROR[0m prover::client: get job invalid response: Ok("an invalid response was received from the upstream server\n") file="core/lib/prover/src/client.rs" line=122 column=17
[2mOct 30 08:15:51.627[0m [33m WARN[0m prover::client: Failed to reach server err: <failed parse json on get job request: expected value at line 1 column 1>, retrying after: 1.4s file="core/lib/prover/src/client.rs" line=59 column=13
[2mOct 30 08:15:53.148[0m [31mERROR[0m prover::client: get job invalid response: Ok("an invalid response was received from the upstream server\n") file="core/lib/prover/src/client.rs" line=122 column=17
[2mOct 30 08:15:53.148[0m [33m WARN[0m prover::client: Failed to reach server err: <failed parse json on get job request: expected value at line 1 column 1>, retrying after: 3.5s file="core/lib/prover/src/client.rs" line=59 column=13
[2mOct 30 08:15:56.110[0m [31mERROR[0m prover::client: get job invalid response: Ok("an invalid response was received from the upstream server\n") file="core/lib/prover/src/client.rs" line=122 column=17
[2mOct 30 08:15:56.110[0m [33m WARN[0m prover::client: Failed to reach server err: <failed parse json on get job request: expected value at line 1 column 1>, retrying after: 1.4s file="core/lib/prover/src/client.rs" line=59 column=13
[2mOct 30 08:15:56.831[0m [31mERROR[0m prover::client: get job invalid response: Ok("an invalid response was received from the upstream server\n") file="core/lib/prover/src/client.rs" line=122 column=17
[2mOct 30 08:15:56.832[0m [33m WARN[0m prover::client: Failed to reach server err: <failed parse json on get job request: expected value at line 1 column 1>, retrying after: 1.1s file="core/lib/prover/src/client.rs" line=59 column=13
[2mOct 30 08:15:57.563[0m [31mERROR[0m prover::client: get job invalid response: Ok("an invalid response was received from the upstream server\n") file="core/lib/prover/src/client.rs" line=122 column=17
[2mOct 30 08:15:57.564[0m [33m WARN[0m prover::client: Failed to reach server err: <failed parse json on get job request: expected value at line 1 column 1>, retrying after: 2.1s file="core/lib/prover/src/client.rs" line=59 column=13
[2mOct 30 08:15:57.994[0m [31mERROR[0m prover::client: get job invalid response: Ok("an invalid response was received from the upstream server\n") file="core/lib/prover/src/client.rs" line=122 column=17
[2mOct 30 08:15:57.995[0m [33m WARN[0m prover::client: Failed to reach server err: <failed parse json on get job request: expected value at line 1 column 1>, retrying after: 2.1s file="core/lib/prover/src/client.rs" line=59 column=13
[2mOct 30 08:15:59.792[0m [31mERROR[0m prover::client: get job invalid response: Ok("an invalid response was received from the upstream server\n") file="core/lib/prover/src/client.rs" line=122 column=17
[2mOct 30 08:15:59.792[0m [33m WARN[0m prover::client: Failed to reach server err: <failed parse json on get job request: expected value at line 1 column 1>, retrying after: 1.6s file="core/lib/prover/src/client.rs" line=59 column=13
[2mOct 30 08:16:00.141[0m [31mERROR[0m prover::client: get job invalid response: Ok("an invalid response was received from the upstream server\n") file="core/lib/prover/src/client.rs" line=122 column=17
[2mOct 30 08:16:00.141[0m [33m WARN[0m prover::client: Failed to reach server err: <failed parse json on get job request: expected value at line 1 column 1>, retrying after: 3.1s file="core/lib/prover/src/client.rs" line=59 column=13
[2mOct 30 08:16:01.579[0m [31mERROR[0m prover::client: get job invalid response: Ok("an invalid response was received from the upstream server\n") file="core/lib/prover/src/client.rs" line=122 column=17
[2mOct 30 08:16:01.579[0m [33m WARN[0m prover::client: Failed to reach server err: <failed parse json on get job request: expected value at line 1 column 1>, retrying after: 0.6s file="core/lib/prover/src/client.rs" line=59 column=13
[2mOct 30 08:16:02.213[0m [31mERROR[0m prover::client: get job invalid response: Ok("an invalid response was received from the upstream server\n") file="core/lib/prover/src/client.rs" line=122 column=17
[2mOct 30 08:16:02.213[0m [33m WARN[0m prover::client: Failed to reach server err: <failed parse json on get job request: expected value at line 1 column 1>, retrying after: 2.1s file="core/lib/prover/src/client.rs" line=59 column=13
[2mOct 30 08:16:03.361[0m [31mERROR[0m prover::client: get job invalid response: Ok("an invalid response was received from the upstream server\n") file="core/lib/prover/src/client.rs" line=122 column=17
[2mOct 30 08:16:03.361[0m [33m WARN[0m prover::client: Failed to reach server err: <failed parse json on get job request: expected value at line 1 column 1>, retrying after: 2.8s file="core/lib/prover/src/client.rs" line=59 column=13
[2mOct 30 08:16:04.406[0m [31mERROR[0m prover::client: get job invalid response: Ok("an invalid response was received from the upstream server\n") file="core/lib/prover/src/client.rs" line=122 column=17
[2mOct 30 08:16:04.406[0m [33m WARN[0m prover::client: Failed to reach server err: <failed parse json on get job request: expected value at line 1 column 1>, retrying after: 3.3s file="core/lib/prover/src/client.rs" line=59 column=13
[2mOct 30 08:16:06.213[0m [31mERROR[0m prover::client: get job invalid response: Ok("an invalid response was received from the upstream server\n") file="core/lib/prover/src/client.rs" line=122 column=17
[2mOct 30 08:16:06.213[0m [33m WARN[0m prover::client: Failed to reach server err: <failed parse json on get job request: expected value at line 1 column 1>, retrying after: 7.1s file="core/lib/prover/src/client.rs" line=59 column=13
[2mOct 30 08:16:07.743[0m [31mERROR[0m prover::client: get job invalid response: Ok("an invalid response was received from the upstream server\n") file="core/lib/prover/src/client.rs" line=122 column=17
[2mOct 30 08:16:07.743[0m [33m WARN[0m prover::client: Failed to reach server err: <failed parse json on get job request: expected value at line 1 column 1>, retrying after: 4.0s file="core/lib/prover/src/client.rs" line=59 column=13
[2mOct 30 08:16:11.834[0m [31mERROR[0m prover::client: get job invalid response: Ok("an invalid response was received from the upstream server\n") file="core/lib/prover/src/client.rs" line=122 column=17
[2mOct 30 08:16:11.834[0m [33m WARN[0m prover::client: Failed to reach server err: <failed parse json on get job request: expected value at line 1 column 1>, retrying after: 6.9s file="core/lib/prover/src/client.rs" line=59 column=13
[2mOct 30 08:16:13.363[0m [31mERROR[0m prover::client: get job invalid response: Ok("an invalid response was received from the upstream server\n") file="core/lib/prover/src/client.rs" line=122 column=17
[2mOct 30 08:16:13.363[0m [33m WARN[0m prover::client: Failed to reach server err: <failed parse json on get job request: expected value at line 1 column 1>, retrying after: 7.2s file="core/lib/prover/src/client.rs" line=59 column=13
[2mOct 30 08:16:18.895[0m [31mERROR[0m prover::client: get job invalid response: Ok("an invalid response was received from the upstream server\n") file="core/lib/prover/src/client.rs" line=122 column=17
[2mOct 30 08:16:18.895[0m [33m WARN[0m prover::client: Failed to reach server err: <failed parse json on get job request: expected value at line 1 column 1>, retrying after: 1.3s file="core/lib/prover/src/client.rs" line=59 column=13
[2mOct 30 08:16:21.334[0m [31mERROR[0m prover::client: get job invalid response: Ok("an invalid response was received from the upstream server\n") file="core/lib/prover/src/client.rs" line=122 column=17
[2mOct 30 08:16:21.334[0m [33m WARN[0m prover::client: Failed to reach server err: <failed parse json on get job request: expected value at line 1 column 1>, retrying after: 1.1s file="core/lib/prover/src/client.rs" line=59 column=13
[2mOct 30 08:16:21.821[0m [31mERROR[0m prover::client: get job invalid response: Ok("an invalid response was received from the upstream server\n") file="core/lib/prover/src/client.rs" line=122 column=17
[2mOct 30 08:16:21.821[0m [33m WARN[0m prover::client: Failed to reach server err: <failed parse json on get job request: expected value at line 1 column 1>, retrying after: 0.9s file="core/lib/prover/src/client.rs" line=59 column=13
[2mOct 30 08:16:22.690[0m [31mERROR[0m prover::client: get job invalid response: Ok("an invalid response was received from the upstream server\n") file="core/lib/prover/src/client.rs" line=122 column=17
[2mOct 30 08:16:22.690[0m [33m WARN[0m prover::client: Failed to reach server err: <failed parse json on get job request: expected value at line 1 column 1>, retrying after: 0.6s file="core/lib/prover/src/client.rs" line=59 column=13
[2mOct 30 08:16:22.767[0m [31mERROR[0m prover::client: get job invalid response: Ok("an invalid response was received from the upstream server\n") file="core/lib/prover/src/client.rs" line=122 column=17
[2mOct 30 08:16:22.767[0m [33m WARN[0m prover::client: Failed to reach server err: <failed parse json on get job request: expected value at line 1 column 1>, retrying after: 2.2s file="core/lib/prover/src/client.rs" line=59 column=13
[2mOct 30 08:16:23.815[0m [31mERROR[0m prover::client: get job invalid response: Ok("an invalid response was received from the upstream server\n") file="core/lib/prover/src/client.rs" line=122 column=17
[2mOct 30 08:16:23.815[0m [33m WARN[0m prover::client: Failed to reach server err: <failed parse json on get job request: expected value at line 1 column 1>, retrying after: 0.7s file="core/lib/prover/src/client.rs" line=59 column=13
[2mOct 30 08:16:25.087[0m [31mERROR[0m prover::client: get job invalid response: Ok("an invalid response was received from the upstream server\n") file="core/lib/prover/src/client.rs" line=122 column=17
[2mOct 30 08:16:25.087[0m [33m WARN[0m prover::client: Failed to reach server err: <failed parse json on get job request: expected value at line 1 column 1>, retrying after: 2.3s file="core/lib/prover/src/client.rs" line=59 column=13
[2mOct 30 08:16:27.520[0m [31mERROR[0m prover::client: get job invalid response: Ok("an invalid response was received from the upstream server\n") file="core/lib/prover/src/client.rs" line=122 column=17
[2mOct 30 08:16:27.520[0m [33m WARN[0m prover::client: Failed to reach server err: <failed parse json on get job request: expected value at line 1 column 1>, retrying after: 4.7s file="core/lib/prover/src/client.rs" line=59 column=13
[2mOct 30 08:16:29.545[0m [33m WARN[0m prover::client: Failed to reach server err: <failed to send get job request: error sending request for url (https://www.okx.com/api/v1/zkdex/layer2/testnet/scheduler/get_job): operation timed out>, retrying after: 0.8s file="core/lib/prover/src/client.rs" line=59 column=13
[2mOct 30 08:16:30.439[0m [31mERROR[0m prover::client: get job invalid response: Ok("an invalid response was received from the upstream server\n") file="core/lib/prover/src/client.rs" line=122 column=17
[2mOct 30 08:16:30.439[0m [33m WARN[0m prover::client: Failed to reach server err: <failed parse json on get job request: expected value at line 1 column 1>, retrying after: 2.2s file="core/lib/prover/src/client.rs" line=59 column=13
[2mOct 30 08:16:33.452[0m [31mERROR[0m prover::client: get job invalid response: Ok("an invalid response was received from the upstream server\n") file="core/lib/prover/src/client.rs" line=122 column=17
[2mOct 30 08:16:33.452[0m [33m WARN[0m prover::client: Failed to reach server err: <failed parse json on get job request: expected value at line 1 column 1>, retrying after: 0.7s file="core/lib/prover/src/client.rs" line=59 column=13
[2mOct 30 08:16:33.866[0m [31mERROR[0m prover::client: get job invalid response: Ok("an invalid response was received from the upstream server\n") file="core/lib/prover/src/client.rs" line=122 column=17
[2mOct 30 08:16:33.866[0m [33m WARN[0m prover::client: Failed to reach server err: <failed parse json on get job request: expected value at line 1 column 1>, retrying after: 1.9s file="core/lib/prover/src/client.rs" line=59 column=13
[2mOct 30 08:16:35.291[0m [31mERROR[0m prover::client: get job invalid response: Ok("an invalid response was received from the upstream server\n") file="core/lib/prover/src/client.rs" line=122 column=17
[2mOct 30 08:16:35.291[0m [33m WARN[0m prover::client: Failed to reach server err: <failed parse json on get job request: expected value at line 1 column 1>, retrying after: 1.9s file="core/lib/prover/src/client.rs" line=59 column=13
[2mOct 30 08:16:35.926[0m [31mERROR[0m prover::client: get job invalid response: Ok("an invalid response was received from the upstream server\n") file="core/lib/prover/src/client.rs" line=122 column=17
[2mOct 30 08:16:35.926[0m [33m WARN[0m prover::client: Failed to reach server err: <failed parse json on get job request: expected value at line 1 column 1>, retrying after: 0.8s file="core/lib/prover/src/client.rs" line=59 column=13
[2mOct 30 08:16:37.411[0m [31mERROR[0m prover::client: get job invalid response: Ok("an invalid response was received from the upstream server\n") file="core/lib/prover/src/client.rs" line=122 column=17
[2mOct 30 08:16:37.411[0m [33m WARN[0m prover::client: Failed to reach server err: <failed parse json on get job request: expected value at line 1 column 1>, retrying after: 0.6s file="core/lib/prover/src/client.rs" line=59 column=13
[2mOct 30 08:16:39.580[0m [31mERROR[0m prover::client: get job invalid response: Ok("an invalid response was received from the upstream server\n") file="core/lib/prover/src/client.rs" line=122 column=17
[2mOct 30 08:16:39.580[0m [33m WARN[0m prover::client: Failed to reach server err: <failed parse json on get job request: expected value at line 1 column 1>, retrying after: 0.6s file="core/lib/prover/src/client.rs" line=59 column=13
[2mOct 30 08:16:40.890[0m [31mERROR[0m prover::client: get job invalid response: Ok("an invalid response was received from the upstream server\n") file="core/lib/prover/src/client.rs" line=122 column=17
[2mOct 30 08:16:40.890[0m [33m WARN[0m prover::client: Failed to reach server err: <failed parse json on get job request: expected value at line 1 column 1>, retrying after: 2.1s file="core/lib/prover/src/client.rs" line=59 column=13
[2mOct 30 08:28:06.835[0m [31mERROR[0m prover::client: get job invalid response: Ok("an invalid response was received from the upstream server\n") file="core/lib/prover/src/client.rs" line=122 column=17
[2mOct 30 08:28:06.835[0m [33m WARN[0m prover::client: Failed to reach server err: <failed parse json on get job request: expected value at line 1 column 1>, retrying after: 1.0s file="core/lib/prover/src/client.rs" line=59 column=13
[2mOct 30 08:28:08.007[0m [31mERROR[0m prover::client: get job invalid response: Ok("an invalid response was received from the upstream server\n") file="core/lib/prover/src/client.rs" line=122 column=17
[2mOct 30 08:28:08.007[0m [33m WARN[0m prover::client: Failed to reach server err: <failed parse json on get job request: expected value at line 1 column 1>, retrying after: 0.5s file="core/lib/prover/src/client.rs" line=59 column=13
[2mOct 30 08:28:08.336[0m [31mERROR[0m prover::client: get job invalid response: Ok("an invalid response was received from the upstream server\n") file="core/lib/prover/src/client.rs" line=122 column=17
[2mOct 30 08:28:08.336[0m [33m WARN[0m prover::client: Failed to reach server err: <failed parse json on get job request: expected value at line 1 column 1>, retrying after: 0.5s file="core/lib/prover/src/client.rs" line=59 column=13
[2mOct 30 08:28:08.775[0m [31mERROR[0m prover::client: get job invalid response: Ok("an invalid response was received from the upstream server\n") file="core/lib/prover/src/client.rs" line=122 column=17
[2mOct 30 08:28:08.775[0m [33m WARN[0m prover::client: Failed to reach server err: <failed parse json on get job request: expected value at line 1 column 1>, retrying after: 1.1s file="core/lib/prover/src/client.rs" line=59 column=13
[2mOct 30 08:28:09.943[0m [31mERROR[0m prover::client: get job invalid response: Ok("an invalid response was received from the upstream server\n") file="core/lib/prover/src/client.rs" line=122 column=17
[2mOct 30 08:28:09.943[0m [33m WARN[0m prover::client: Failed to reach server err: <failed parse json on get job request: expected value at line 1 column 1>, retrying after: 1.9s file="core/lib/prover/src/client.rs" line=59 column=13
[2mOct 30 08:28:11.835[0m [31mERROR[0m prover::client: get job invalid response: Ok("an invalid response was received from the upstream server\n") file="core/lib/prover/src/client.rs" line=122 column=17
[2mOct 30 08:28:11.835[0m [33m WARN[0m prover::client: Failed to reach server err: <failed parse json on get job request: expected value at line 1 column 1>, retrying after: 0.8s file="core/lib/prover/src/client.rs" line=59 column=13
[2mOct 30 08:28:11.972[0m [31mERROR[0m prover::client: get job invalid response: Ok("an invalid response was received from the upstream server\n") file="core/lib/prover/src/client.rs" line=122 column=17
[2mOct 30 08:28:11.972[0m [33m WARN[0m prover::client: Failed to reach server err: <failed parse json on get job request: expected value at line 1 column 1>, retrying after: 2.6s file="core/lib/prover/src/client.rs" line=59 column=13
[2mOct 30 08:28:12.842[0m [31mERROR[0m prover::client: get job invalid response: Ok("an invalid response was received from the upstream server\n") file="core/lib/prover/src/client.rs" line=122 column=17
[2mOct 30 08:28:12.842[0m [33m WARN[0m prover::client: Failed to reach server err: <failed parse json on get job request: expected value at line 1 column 1>, retrying after: 0.8s file="core/lib/prover/src/client.rs" line=59 column=13
[2mOct 30 08:28:13.679[0m [31mERROR[0m prover::client: get job invalid response: Ok("an invalid response was received from the upstream server\n") file="core/lib/prover/src/client.rs" line=122 column=17
[2mOct 30 08:28:13.679[0m [33m WARN[0m prover::client: Failed to reach server err: <failed parse json on get job request: expected value at line 1 column 1>, retrying after: 0.8s file="core/lib/prover/src/client.rs" line=59 column=13
[2mOct 30 08:28:14.618[0m [31mERROR[0m prover::client: get job invalid response: Ok("an invalid response was received from the upstream server\n") file="core/lib/prover/src/client.rs" line=122 column=17
[2mOct 30 08:28:14.618[0m [33m WARN[0m prover::client: Failed to reach server err: <failed parse json on get job request: expected value at line 1 column 1>, retrying after: 2.5s file="core/lib/prover/src/client.rs" line=59 column=13
[2mOct 30 08:28:14.751[0m [31mERROR[0m prover::client: get job invalid response: Ok("an invalid response was received from the upstream server\n") file="core/lib/prover/src/client.rs" line=122 column=17
[2mOct 30 08:28:14.751[0m [33m WARN[0m prover::client: Failed to reach server err: <failed parse json on get job request: expected value at line 1 column 1>, retrying after: 1.3s file="core/lib/prover/src/client.rs" line=59 column=13
[2mOct 30 08:28:16.165[0m [31mERROR[0m prover::client: get job invalid response: Ok("an invalid response was received from the upstream server\n") file="core/lib/prover/src/client.rs" line=122 column=17
[2mOct 30 08:28:16.165[0m [33m WARN[0m prover::client: Failed to reach server err: <failed parse json on get job request: expected value at line 1 column 1>, retrying after: 2.2s file="core/lib/prover/src/client.rs" line=59 column=13
[2mOct 30 08:28:17.218[0m [31mERROR[0m prover::client: get job invalid response: Ok("an invalid response was received from the upstream server\n") file="core/lib/prover/src/client.rs" line=122 column=17
[2mOct 30 08:28:17.218[0m [33m WARN[0m prover::client: Failed to reach server err: <failed parse json on get job request: expected value at line 1 column 1>, retrying after: 7.5s file="core/lib/prover/src/client.rs" line=59 column=13
[2mOct 30 08:28:18.476[0m [31mERROR[0m prover::client: get job invalid response: Ok("an invalid response was received from the upstream server\n") file="core/lib/prover/src/client.rs" line=122 column=17
[2mOct 30 08:28:18.476[0m [33m WARN[0m prover::client: Failed to reach server err: <failed parse json on get job request: expected value at line 1 column 1>, retrying after: 0.8s file="core/lib/prover/src/client.rs" line=59 column=13
[2mOct 30 08:28:19.351[0m [31mERROR[0m prover::client: get job invalid response: Ok("an invalid response was received from the upstream server\n") file="core/lib/prover/src/client.rs" line=122 column=17
[2mOct 30 08:28:19.351[0m [33m WARN[0m prover::client: Failed to reach server err: <failed parse json on get job request: expected value at line 1 column 1>, retrying after: 2.2s file="core/lib/prover/src/client.rs" line=59 column=13
[2mOct 30 08:28:21.632[0m [31mERROR[0m prover::client: get job invalid response: Ok("an invalid response was received from the upstream server\n") file="core/lib/prover/src/client.rs" line=122 column=17
[2mOct 30 08:28:21.632[0m [33m WARN[0m prover::client: Failed to reach server err: <failed parse json on get job request: expected value at line 1 column 1>, retrying after: 2.0s file="core/lib/prover/src/client.rs" line=59 column=13
[2mOct 30 08:28:23.741[0m [31mERROR[0m prover::client: get job invalid response: Ok("an invalid response was received from the upstream server\n") file="core/lib/prover/src/client.rs" line=122 column=17
[2mOct 30 08:28:23.741[0m [33m WARN[0m prover::client: Failed to reach server err: <failed parse json on get job request: expected value at line 1 column 1>, retrying after: 1.9s file="core/lib/prover/src/client.rs" line=59 column=13
[2mOct 30 08:28:24.803[0m [31mERROR[0m prover::client: get job invalid response: Ok("an invalid response was received from the upstream server\n") file="core/lib/prover/src/client.rs" line=122 column=17
[2mOct 30 08:28:24.803[0m [33m WARN[0m prover::client: Failed to reach server err: <failed parse json on get job request: expected value at line 1 column 1>, retrying after: 4.2s file="core/lib/prover/src/client.rs" line=59 column=13
[2mOct 30 08:28:25.758[0m [31mERROR[0m prover::client: get job invalid response: Ok("an invalid response was received from the upstream server\n") file="core/lib/prover/src/client.rs" line=122 column=17
[2mOct 30 08:28:25.758[0m [33m WARN[0m prover::client: Failed to reach server err: <failed parse json on get job request: expected value at line 1 column 1>, retrying after: 4.4s file="core/lib/prover/src/client.rs" line=59 column=13
[2mOct 30 08:28:29.069[0m [31mERROR[0m prover::client: get job invalid response: Ok("an invalid response was received from the upstream server\n") file="core/lib/prover/src/client.rs" line=122 column=17
[2mOct 30 08:28:29.069[0m [33m WARN[0m prover::client: Failed to reach server err: <failed parse json on get job request: expected value at line 1 column 1>, retrying after: 8.1s file="core/lib/prover/src/client.rs" line=59 column=13
[2mOct 30 08:28:30.200[0m [31mERROR[0m prover::client: get job invalid response: Ok("an invalid response was received from the upstream server\n") file="core/lib/prover/src/client.rs" line=122 column=17
[2mOct 30 08:28:30.200[0m [33m WARN[0m prover::client: Failed to reach server err: <failed parse json on get job request: expected value at line 1 column 1>, retrying after: 5.2s file="core/lib/prover/src/client.rs" line=59 column=13
[2mOct 30 08:28:35.501[0m [31mERROR[0m prover::client: get job invalid response: Ok("an invalid response was received from the upstream server\n") file="core/lib/prover/src/client.rs" line=122 column=17
[2mOct 30 08:28:35.501[0m [33m WARN[0m prover::client: Failed to reach server err: <failed parse json on get job request: expected value at line 1 column 1>, retrying after: 7.3s file="core/lib/prover/src/client.rs" line=59 column=13
[2mOct 30 08:28:37.247[0m [31mERROR[0m prover::client: get job invalid response: Ok("an invalid response was received from the upstream server\n") file="core/lib/prover/src/client.rs" line=122 column=17
[2mOct 30 08:28:37.247[0m [33m WARN[0m prover::client: Failed to reach server err: <failed parse json on get job request: expected value at line 1 column 1>, retrying after: 6.2s file="core/lib/prover/src/client.rs" line=59 column=13
[2mOct 30 08:28:42.859[0m [31mERROR[0m prover::client: get job invalid response: Ok("an invalid response was received from the upstream server\n") file="core/lib/prover/src/client.rs" line=122 column=17
[2mOct 30 08:28:42.859[0m [33m WARN[0m prover::client: Failed to reach server err: <failed parse json on get job request: expected value at line 1 column 1>, retrying after: 6.4s file="core/lib/prover/src/client.rs" line=59 column=13
[2mOct 30 08:28:44.622[0m [31mERROR[0m prover::client: get job invalid response: Ok("an invalid response was received from the upstream server\n") file="core/lib/prover/src/client.rs" line=122 column=17
[2mOct 30 08:28:44.623[0m [33m WARN[0m prover::client: Failed to reach server err: <failed parse json on get job request: expected value at line 1 column 1>, retrying after: 11.9s file="core/lib/prover/src/client.rs" line=59 column=13
[2mOct 30 08:28:51.341[0m [31mERROR[0m prover::client: get job invalid response: Ok("an invalid response was received from the upstream server\n") file="core/lib/prover/src/client.rs" line=122 column=17
[2mOct 30 08:28:51.341[0m [33m WARN[0m prover::client: Failed to reach server err: <failed parse json on get job request: expected value at line 1 column 1>, retrying after: 6.8s file="core/lib/prover/src/client.rs" line=59 column=13
[2mOct 30 08:28:57.678[0m [31mERROR[0m prover::client: get job invalid response: Ok("an invalid response was received from the upstream server\n") file="core/lib/prover/src/client.rs" line=122 column=17
[2mOct 30 08:28:57.678[0m [33m WARN[0m prover::client: Failed to reach server err: <failed parse json on get job request: expected value at line 1 column 1>, retrying after: 7.8s file="core/lib/prover/src/client.rs" line=59 column=13
[2mOct 30 08:28:59.367[0m [31mERROR[0m prover::client: get job invalid response: Ok("an invalid response was received from the upstream server\n") file="core/lib/prover/src/client.rs" line=122 column=17
[2mOct 30 08:28:59.367[0m [33m WARN[0m prover::client: Failed to reach server err: <failed parse json on get job request: expected value at line 1 column 1>, retrying after: 1.4s file="core/lib/prover/src/client.rs" line=59 column=13
[2mOct 30 08:29:00.878[0m [31mERROR[0m prover::client: get job invalid response: Ok("an invalid response was received from the upstream server\n") file="core/lib/prover/src/client.rs" line=122 column=17
[2mOct 30 08:29:00.878[0m [33m WARN[0m prover::client: Failed to reach server err: <failed parse json on get job request: expected value at line 1 column 1>, retrying after: 2.0s file="core/lib/prover/src/client.rs" line=59 column=13
[2mOct 30 08:29:03.343[0m [31mERROR[0m prover::client: get job invalid response: Ok("an invalid response was received from the upstream server\n") file="core/lib/prover/src/client.rs" line=122 column=17
[2mOct 30 08:29:03.343[0m [33m WARN[0m prover::client: Failed to reach server err: <failed parse json on get job request: expected value at line 1 column 1>, retrying after: 0.9s file="core/lib/prover/src/client.rs" line=59 column=13
[2mOct 30 08:29:04.328[0m [31mERROR[0m prover::client: get job invalid response: Ok("an invalid response was received from the upstream server\n") file="core/lib/prover/src/client.rs" line=122 column=17
[2mOct 30 08:29:04.328[0m [33m WARN[0m prover::client: Failed to reach server err: <failed parse json on get job request: expected value at line 1 column 1>, retrying after: 1.4s file="core/lib/prover/src/client.rs" line=59 column=13
[2mOct 30 08:29:05.795[0m [31mERROR[0m prover::client: get job invalid response: Ok("an invalid response was received from the upstream server\n") file="core/lib/prover/src/client.rs" line=122 column=17
[2mOct 30 08:29:05.795[0m [33m WARN[0m prover::client: Failed to reach server err: <failed parse json on get job request: expected value at line 1 column 1>, retrying after: 3.3s file="core/lib/prover/src/client.rs" line=59 column=13
[2mOct 30 08:29:06.637[0m [31mERROR[0m prover::client: get job invalid response: Ok("an invalid response was received from the upstream server\n") file="core/lib/prover/src/client.rs" line=122 column=17
[2mOct 30 08:29:06.637[0m [33m WARN[0m prover::client: Failed to reach server err: <failed parse json on get job request: expected value at line 1 column 1>, retrying after: 11.5s file="core/lib/prover/src/client.rs" line=59 column=13
[2mOct 30 08:29:09.214[0m [31mERROR[0m prover::client: get job invalid response: Ok("an invalid response was received from the upstream server\n") file="core/lib/prover/src/client.rs" line=122 column=17
[2mOct 30 08:29:09.214[0m [33m WARN[0m prover::client: Failed to reach server err: <failed parse json on get job request: expected value at line 1 column 1>, retrying after: 3.1s file="core/lib/prover/src/client.rs" line=59 column=13
[2mOct 30 08:29:13.453[0m [31mERROR[0m prover::client: get job invalid response: Ok("an invalid response was received from the upstream server\n") file="core/lib/prover/src/client.rs" line=122 column=17
[2mOct 30 08:29:13.453[0m [33m WARN[0m prover::client: Failed to reach server err: <failed parse json on get job request: expected value at line 1 column 1>, retrying after: 6.3s file="core/lib/prover/src/client.rs" line=59 column=13
[2mOct 30 08:29:18.847[0m [31mERROR[0m prover::client: get job invalid response: Ok("an invalid response was received from the upstream server\n") file="core/lib/prover/src/client.rs" line=122 column=17
[2mOct 30 08:29:18.848[0m [33m WARN[0m prover::client: Failed to reach server err: <failed parse json on get job request: expected value at line 1 column 1>, retrying after: 0.7s file="core/lib/prover/src/client.rs" line=59 column=13
